[2023-07-12T19:48:42.200529+00:00] telegram-log.INFO: Request in telegram {"chat_id":496315328,"username":"atlas_it89","request":"/start"} []
[2023-07-12T19:49:16.828938+00:00] telegram-log.INFO: Request in telegram {"chat_id":496315328,"username":"atlas_it89","request":"/start"} []
[2023-07-12T19:49:19.781367+00:00] telegram-log.INFO: Request in telegram {"chat_id":496315328,"username":"atlas_it89","request":"📞 Контакты"} []
[2023-07-12T19:49:21.628533+00:00] telegram-log.INFO: Request in telegram {"chat_id":496315328,"username":"atlas_it89","request":"⏰ Режим работы"} []
[2023-07-12T19:49:23.374580+00:00] telegram-log.INFO: Request in telegram {"chat_id":496315328,"username":"atlas_it89","request":"📋 Инфо"} []
[2023-07-12T19:49:36.162866+00:00] telegram-log.INFO: Request in telegram {"chat_id":496315328,"username":"atlas_it89","request":"📋 Инфо"} []
[2023-07-12T19:49:39.410569+00:00] telegram-log.INFO: Request in telegram {"chat_id":496315328,"username":"atlas_it89","request":"📆 Выбрать дату"} []
[2023-07-12T19:49:42.327353+00:00] telegram-log.INFO: Request in telegram {"chat_id":496315328,"username":"atlas_it89","request":"month_08_2023"} []
[2023-07-12T19:49:44.556485+00:00] telegram-log.INFO: Request in telegram {"chat_id":496315328,"username":"atlas_it89","request":"month_07_2023"} []
[2023-07-12T19:50:02.258975+00:00] telegram-log.INFO: Request in telegram {"chat_id":496315328,"username":"atlas_it89","request":"month_08_2023"} []
[2023-07-12T19:50:04.678270+00:00] telegram-log.INFO: Request in telegram {"chat_id":496315328,"username":"atlas_it89","request":"day_10-08-2023"} []
[2023-07-12T19:50:10.054623+00:00] telegram-log.INFO: Request in telegram {"chat_id":496315328,"username":"atlas_it89","request":"back"} []
[2023-07-12T19:50:12.635378+00:00] telegram-log.INFO: Request in telegram {"chat_id":496315328,"username":"atlas_it89","request":"day_15-08-2023"} []
[2023-07-12T19:52:16.703813+00:00] telegram-log.INFO: Request in telegram {"chat_id":496315328,"username":"atlas_it89","request":"/start"} []
[2023-07-12T19:52:31.193691+00:00] telegram-log.INFO: Request in telegram {"chat_id":496315328,"username":"atlas_it89","request":"/start"} []
[2023-07-12T19:53:46.133673+00:00] telegram-log.INFO: Request in telegram {"chat_id":496315328,"username":"atlas_it89","request":"/start"} []
[2023-07-12T19:53:53.503283+00:00] telegram-log.INFO: Request in telegram {"chat_id":496315328,"username":"atlas_it89","request":"📆 Календарь"} []
[2023-07-12T19:53:55.882473+00:00] telegram-log.INFO: Request in telegram {"chat_id":496315328,"username":"atlas_it89","request":"💰 Сумма"} []
[2023-07-12T19:53:57.965774+00:00] telegram-log.INFO: Request in telegram {"chat_id":496315328,"username":"atlas_it89","request":"📞 Контакты"} []
[2023-07-12T19:53:59.930918+00:00] telegram-log.INFO: Request in telegram {"chat_id":496315328,"username":"atlas_it89","request":"Наш сайт"} []
[2023-07-12T19:57:39.538295+00:00] telegram-log.INFO: Request in telegram {"chat_id":496315328,"username":"atlas_it89","request":"/start"} []
[2023-07-12T19:57:40.308254+00:00] telegram-log.INFO: Request in telegram {"chat_id":496315328,"username":"atlas_it89","request":"/start"} []
[2023-07-12T19:57:44.441283+00:00] telegram-log.INFO: Request in telegram {"chat_id":496315328,"username":"atlas_it89","request":"📌 Список клиентов"} []
[2023-07-12T19:57:46.571980+00:00] telegram-log.INFO: Request in telegram {"chat_id":496315328,"username":"atlas_it89","request":"💰 Сумма"} []
[2023-07-12T19:57:51.836015+00:00] telegram-log.INFO: Request in telegram {"chat_id":496315328,"username":"atlas_it89","request":"📆 Календарь"} []
[2023-07-12T19:57:54.252204+00:00] telegram-log.INFO: Request in telegram {"chat_id":496315328,"username":"atlas_it89","request":"💰 Сумма"} []
[2023-07-12T19:57:56.100900+00:00] telegram-log.INFO: Request in telegram {"chat_id":496315328,"username":"atlas_it89","request":"📌 Список клиентов"} []
[2023-07-12T20:02:50.729306+00:00] telegram-log.INFO: Request in telegram {"chat_id":496315328,"username":"atlas_it89","request":"/start"} []
[2023-07-12T20:03:10.552350+00:00] telegram-log.INFO: Request in telegram {"chat_id":496315328,"username":"atlas_it89","request":"/start"} []
[2023-07-12T20:03:15.665058+00:00] telegram-log.INFO: Request in telegram {"chat_id":496315328,"username":"atlas_it89","request":"📌 Список клиентов"} []
[2023-07-12T20:03:24.368925+00:00] telegram-log.INFO: Request in telegram {"chat_id":496315328,"username":"atlas_it89","request":"💰 Сумма"} []
[2023-07-12T20:03:26.673100+00:00] telegram-log.INFO: Request in telegram {"chat_id":496315328,"username":"atlas_it89","request":"📆 Календарь"} []
[2023-07-12T20:04:15.807130+00:00] telegram-log.INFO: Request in telegram {"chat_id":496315328,"username":"atlas_it89","request":"/start"} []
[2023-07-12T20:04:19.372277+00:00] telegram-log.INFO: Request in telegram {"chat_id":496315328,"username":"atlas_it89","request":"📋 Инфо"} []
[2023-07-12T20:04:21.526501+00:00] telegram-log.INFO: Request in telegram {"chat_id":496315328,"username":"atlas_it89","request":"/selectDate"} []
[2023-07-12T20:04:25.705444+00:00] telegram-log.INFO: Request in telegram {"chat_id":496315328,"username":"atlas_it89","request":"day_20-07-2023"} []
[2023-07-12T20:04:32.466163+00:00] telegram-log.INFO: Request in telegram {"chat_id":496315328,"username":"atlas_it89","request":"200"} []
[2023-07-12T20:04:40.967869+00:00] telegram-log.INFO: Request in telegram {"chat_id":496315328,"username":"atlas_it89","request":"📋 Инфо"} []
[2023-07-12T20:06:29.876657+00:00] telegram-log.INFO: Request in telegram {"chat_id":496315328,"username":"atlas_it89","request":"📆 Выбрать дату"} []
[2023-07-12T20:06:32.320245+00:00] telegram-log.INFO: Request in telegram {"chat_id":496315328,"username":"atlas_it89","request":"day_27-07-2023"} []
[2023-07-12T20:06:37.103986+00:00] telegram-log.INFO: Request in telegram {"chat_id":496315328,"username":"atlas_it89","request":"300"} []
[2023-07-12T20:07:05.401891+00:00] telegram-log.INFO: Request in telegram {"chat_id":496315328,"username":"atlas_it89","request":"📋 Инфо"} []
[2023-07-12T20:09:32.410323+00:00] telegram-log.INFO: Request in telegram {"chat_id":496315328,"username":"atlas_it89","request":"📞 Контакты"} []
[2023-07-12T20:09:33.036530+00:00] telegram-log.INFO: Request in telegram {"chat_id":496315328,"username":"atlas_it89","request":"⏰ Режим работы"} []
[2023-07-12T20:09:35.058911+00:00] telegram-log.INFO: Request in telegram {"chat_id":496315328,"username":"atlas_it89","request":"📆 Выбрать дату"} []
[2023-07-12T20:09:35.575267+00:00] telegram-log.INFO: Request in telegram {"chat_id":496315328,"username":"atlas_it89","request":"⏰ Режим работы"} []
[2023-07-12T20:09:36.141407+00:00] telegram-log.INFO: Request in telegram {"chat_id":496315328,"username":"atlas_it89","request":"📞 Контакты"} []
[2023-07-12T20:09:36.800792+00:00] telegram-log.INFO: Request in telegram {"chat_id":496315328,"username":"atlas_it89","request":"📋 Инфо"} []
[2023-07-12T20:09:42.862080+00:00] telegram-log.INFO: Request in telegram {"chat_id":496315328,"username":"atlas_it89","request":"📞 Контакты"} []
[2023-07-12T20:09:44.797231+00:00] telegram-log.INFO: Request in telegram {"chat_id":496315328,"username":"atlas_it89","request":"📋 Инфо"} []
[2023-07-12T20:09:46.982731+00:00] telegram-log.INFO: Request in telegram {"chat_id":496315328,"username":"atlas_it89","request":"⏰ Режим работы"} []
[2023-07-12T20:09:49.634170+00:00] telegram-log.INFO: Request in telegram {"chat_id":496315328,"username":"atlas_it89","request":"📆 Выбрать дату"} []
[2023-07-12T20:09:51.924382+00:00] telegram-log.INFO: Request in telegram {"chat_id":496315328,"username":"atlas_it89","request":"month_08_2023"} []
[2023-07-12T20:09:54.446878+00:00] telegram-log.INFO: Request in telegram {"chat_id":496315328,"username":"atlas_it89","request":"day_31-08-2023"} []
[2023-07-12T20:10:00.032203+00:00] telegram-log.INFO: Request in telegram {"chat_id":496315328,"username":"atlas_it89","request":"500"} []
[2023-07-12T20:10:07.837601+00:00] telegram-log.INFO: Request in telegram {"chat_id":496315328,"username":"atlas_it89","request":"⏰ Режим работы"} []
[2023-07-12T20:10:09.748448+00:00] telegram-log.INFO: Request in telegram {"chat_id":496315328,"username":"atlas_it89","request":"📞 Контакты"} []
[2023-07-12T20:10:11.559703+00:00] telegram-log.INFO: Request in telegram {"chat_id":496315328,"username":"atlas_it89","request":"📋 Инфо"} []
[2023-07-12T20:10:13.694253+00:00] telegram-log.INFO: Request in telegram {"chat_id":496315328,"username":"atlas_it89","request":"📆 Выбрать дату"} []
[2023-07-12T20:17:09.911154+00:00] telegram-log.INFO: Request in telegram {"chat_id":496315328,"username":"atlas_it89","request":"/start"} []
[2023-07-12T20:17:18.124390+00:00] telegram-log.INFO: Request in telegram {"chat_id":496315328,"username":"atlas_it89","request":"/start"} []
[2023-07-12T20:17:19.990765+00:00] telegram-log.INFO: Request in telegram {"chat_id":496315328,"username":"atlas_it89","request":"📌 Список клиентов"} []
[2023-07-12T20:18:02.767320+00:00] telegram-log.INFO: Request in telegram {"chat_id":496315328,"username":"atlas_it89","request":"📌 Список клиентов"} []
[2023-07-12T20:18:04.949101+00:00] telegram-log.INFO: Request in telegram {"chat_id":496315328,"username":"atlas_it89","request":"💰 Сумма"} []
[2023-07-12T20:19:46.738013+00:00] telegram-log.INFO: Request in telegram {"chat_id":496315328,"username":"atlas_it89","request":"📌 Список клиентов"} []
[2023-07-12T20:19:47.279744+00:00] telegram-log.INFO: Request in telegram {"chat_id":496315328,"username":"atlas_it89","request":"📆 Календарь"} []
[2023-07-12T20:19:48.796312+00:00] telegram-log.INFO: Request in telegram {"chat_id":496315328,"username":"atlas_it89","request":"📌 Список клиентов"} []
[2023-07-12T20:19:49.420461+00:00] telegram-log.INFO: Request in telegram {"chat_id":496315328,"username":"atlas_it89","request":"💰 Сумма"} []
[2023-07-12T20:31:50.695759+00:00] telegram-log.INFO: Request in telegram {"chat_id":496315328,"username":"atlas_it89","request":"💰 Сумма"} []
[2023-07-12T20:31:51.179719+00:00] telegram-log.INFO: Request in telegram {"chat_id":496315328,"username":"atlas_it89","request":"📌 Список клиентов"} []
[2023-07-12T20:31:51.858474+00:00] telegram-log.INFO: Request in telegram {"chat_id":496315328,"username":"atlas_it89","request":"💰 Сумма"} []
[2023-07-12T20:31:52.109049+00:00] telegram-log.INFO: Request in telegram {"chat_id":496315328,"username":"atlas_it89","request":"💰 Сумма"} []
[2023-07-12T20:31:54.226386+00:00] telegram-log.INFO: Request in telegram {"chat_id":496315328,"username":"atlas_it89","request":"📆 Календарь"} []
[2023-07-12T20:31:54.785494+00:00] telegram-log.INFO: Request in telegram {"chat_id":496315328,"username":"atlas_it89","request":"📌 Список клиентов"} []
[2023-07-12T20:31:58.469512+00:00] telegram-log.INFO: Request in telegram {"chat_id":496315328,"username":"atlas_it89","request":"💰 Сумма"} []
[2023-07-12T20:32:04.597412+00:00] telegram-log.INFO: Request in telegram {"chat_id":496315328,"username":"atlas_it89","request":"📌 Список клиентов"} []
[2023-07-12T20:32:06.737164+00:00] telegram-log.INFO: Request in telegram {"chat_id":496315328,"username":"atlas_it89","request":"💰 Сумма"} []
[2023-07-12T20:32:35.558698+00:00] telegram-log.INFO: Request in telegram {"chat_id":496315328,"username":"atlas_it89","request":"💰 Сумма"} []
[2023-07-12T20:32:57.201958+00:00] telegram-log.INFO: Request in telegram {"chat_id":496315328,"username":"atlas_it89","request":"💰 Сумма"} []
[2023-07-12T20:33:15.284614+00:00] telegram-log.INFO: Request in telegram {"chat_id":496315328,"username":"atlas_it89","request":"💰 Сумма"} []
[2023-07-12T20:34:19.806178+00:00] telegram-log.INFO: Request in telegram {"chat_id":496315328,"username":"atlas_it89","request":"💰 Сумма"} []
[2023-07-12T20:36:38.021220+00:00] telegram-log.INFO: Request in telegram {"chat_id":496315328,"username":"atlas_it89","request":"💰 Сумма"} []
[2023-07-12T20:36:56.873644+00:00] telegram-log.INFO: Request in telegram {"chat_id":496315328,"username":"atlas_it89","request":"/start"} []
[2023-07-12T20:36:59.590122+00:00] telegram-log.INFO: Request in telegram {"chat_id":496315328,"username":"atlas_it89","request":"📆 Выбрать дату"} []
[2023-07-12T20:37:02.967427+00:00] telegram-log.INFO: Request in telegram {"chat_id":496315328,"username":"atlas_it89","request":"day_13-07-2023"} []
[2023-07-12T20:37:12.342474+00:00] telegram-log.INFO: Request in telegram {"chat_id":496315328,"username":"atlas_it89","request":"/start"} []
[2023-07-12T20:37:14.378147+00:00] telegram-log.INFO: Request in telegram {"chat_id":496315328,"username":"atlas_it89","request":"📆 Календарь"} []
[2023-07-12T20:37:16.554068+00:00] telegram-log.INFO: Request in telegram {"chat_id":496315328,"username":"atlas_it89","request":"day_13-07-2023"} []
[2023-07-12T20:37:18.847087+00:00] telegram-log.INFO: Request in telegram {"chat_id":496315328,"username":"atlas_it89","request":"slot_13:00-14:00"} []
[2023-07-12T20:37:21.836306+00:00] telegram-log.INFO: Request in telegram {"chat_id":496315328,"username":"atlas_it89","request":"done"} []
[2023-07-12T20:37:24.928547+00:00] telegram-log.INFO: Request in telegram {"chat_id":496315328,"username":"atlas_it89","request":"/start"} []
[2023-07-12T20:37:26.461328+00:00] telegram-log.INFO: Request in telegram {"chat_id":496315328,"username":"atlas_it89","request":"📆 Выбрать дату"} []
[2023-07-12T20:37:28.784131+00:00] telegram-log.INFO: Request in telegram {"chat_id":496315328,"username":"atlas_it89","request":"day_13-07-2023"} []
[2023-07-12T20:37:33.356460+00:00] telegram-log.INFO: Request in telegram {"chat_id":496315328,"username":"atlas_it89","request":"2000"} []
[2023-07-12T20:37:41.088926+00:00] telegram-log.INFO: Request in telegram {"chat_id":496315328,"username":"atlas_it89","request":"/start"} []
[2023-07-12T20:37:43.010449+00:00] telegram-log.INFO: Request in telegram {"chat_id":496315328,"username":"atlas_it89","request":"📌 Список клиентов"} []
[2023-07-12T20:37:45.128443+00:00] telegram-log.INFO: Request in telegram {"chat_id":496315328,"username":"atlas_it89","request":"💰 Сумма"} []
[2023-07-12T20:38:05.563738+00:00] telegram-log.INFO: Request in telegram {"chat_id":496315328,"username":"atlas_it89","request":"📆 Календарь"} []
[2023-07-12T20:38:08.426890+00:00] telegram-log.INFO: Request in telegram {"chat_id":496315328,"username":"atlas_it89","request":"📌 Список клиентов"} []
[2023-07-12T20:38:10.695402+00:00] telegram-log.INFO: Request in telegram {"chat_id":496315328,"username":"atlas_it89","request":"💰 Сумма"} []
[2023-07-12T20:39:31.917645+00:00] telegram-log.INFO: Request in telegram {"chat_id":496315328,"username":"atlas_it89","request":"💰 Сумма"} []
[2023-07-12T20:40:38.780248+00:00] telegram-log.INFO: Request in telegram {"chat_id":496315328,"username":"atlas_it89","request":"/start"} []
[2023-07-12T20:40:44.652227+00:00] telegram-log.INFO: Request in telegram {"chat_id":496315328,"username":"atlas_it89","request":"📞 Контакты"} []
[2023-07-12T20:40:50.762563+00:00] telegram-log.INFO: Request in telegram {"chat_id":496315328,"username":"atlas_it89","request":"⏰ Режим работы"} []
[2023-07-12T20:40:56.054375+00:00] telegram-log.INFO: Request in telegram {"chat_id":496315328,"username":"atlas_it89","request":"📋 Инфо"} []
[2023-07-12T20:41:00.173315+00:00] telegram-log.INFO: Request in telegram {"chat_id":496315328,"username":"atlas_it89","request":"📞 Контакты"} []
[2023-07-12T20:41:11.643026+00:00] telegram-log.INFO: Request in telegram {"chat_id":496315328,"username":"atlas_it89","request":"/start"} []
[2023-07-12T20:43:31.571505+00:00] telegram-log.INFO: Request in telegram {"chat_id":496315328,"username":"atlas_it89","request":"/start"} []
[2023-07-12T20:45:05.007401+00:00] telegram-log.INFO: Request in telegram {"chat_id":496315328,"username":"atlas_it89","request":"/start"} []
[2023-07-12T20:45:26.823338+00:00] telegram-log.INFO: Request in telegram {"chat_id":496315328,"username":"atlas_it89","request":"/start"} []
[2023-07-12T20:47:52.841209+00:00] telegram-log.INFO: Request in telegram {"chat_id":496315328,"username":"atlas_it89","request":"📌 Список клиентов"} []
[2023-07-12T20:47:55.205501+00:00] telegram-log.INFO: Request in telegram {"chat_id":496315328,"username":"atlas_it89","request":"💰 Сумма"} []
[2023-07-12T20:48:11.829584+00:00] telegram-log.INFO: Request in telegram {"chat_id":496315328,"username":"atlas_it89","request":"📌 Список клиентов"} []
[2023-07-12T20:48:15.024805+00:00] telegram-log.INFO: Request in telegram {"chat_id":496315328,"username":"atlas_it89","request":"💰 Сумма"} []
[2023-07-12T20:48:20.582508+00:00] telegram-log.INFO: Request in telegram {"chat_id":496315328,"username":"atlas_it89","request":"📆 Календарь"} []
[2023-07-12T20:48:23.390740+00:00] telegram-log.INFO: Request in telegram {"chat_id":496315328,"username":"atlas_it89","request":"month_08_2023"} []
[2023-07-12T20:48:25.141129+00:00] telegram-log.INFO: Request in telegram {"chat_id":496315328,"username":"atlas_it89","request":"month_07_2023"} []
[2023-07-12T20:48:27.136210+00:00] telegram-log.INFO: Request in telegram {"chat_id":496315328,"username":"atlas_it89","request":"📌 Список клиентов"} []
[2023-07-12T20:48:28.573768+00:00] telegram-log.INFO: Request in telegram {"chat_id":496315328,"username":"atlas_it89","request":"💰 Сумма"} []
[2023-07-12T20:48:30.095739+00:00] telegram-log.INFO: Request in telegram {"chat_id":496315328,"username":"atlas_it89","request":"📆 Календарь"} []
[2023-07-12T20:49:01.410252+00:00] telegram-log.INFO: Request in telegram {"chat_id":496315328,"username":"atlas_it89","request":"📆 Календарь"} []
[2023-07-12T20:49:24.551609+00:00] telegram-log.INFO: Request in telegram {"chat_id":496315328,"username":"atlas_it89","request":"📆 Календарь"} []
[2023-07-12T20:49:26.417395+00:00] telegram-log.INFO: Request in telegram {"chat_id":496315328,"username":"atlas_it89","request":"💰 Сумма"} []
[2023-07-12T20:50:05.577619+00:00] telegram-log.INFO: Request in telegram {"chat_id":496315328,"username":"atlas_it89","request":"💰 Сумма"} []
[2023-07-12T20:50:08.637029+00:00] telegram-log.INFO: Request in telegram {"chat_id":496315328,"username":"atlas_it89","request":"📆 Календарь"} []
[2023-07-12T20:50:11.648309+00:00] telegram-log.INFO: Request in telegram {"chat_id":496315328,"username":"atlas_it89","request":"📌 Список клиентов"} []
[2023-07-12T20:50:13.980294+00:00] telegram-log.INFO: Request in telegram {"chat_id":496315328,"username":"atlas_it89","request":"💰 Сумма"} []
[2023-07-13T09:12:52.359563+03:00] telegram-console-log.INFO: Console command run {"handler":"setwebhook"} []
[2023-07-13T06:12:53.586993+00:00] telegram-log.INFO: Request in telegram {"chat_id":496315328,"username":"atlas_it89","request":"📆 Календарь"} []
[2023-07-13T06:12:54.335005+00:00] telegram-log.INFO: Request in telegram {"chat_id":496315328,"username":"atlas_it89","request":"💰 Сумма"} []
[2023-07-13T06:12:54.785796+00:00] telegram-log.INFO: Request in telegram {"chat_id":496315328,"username":"atlas_it89","request":"📌 Список клиентов"} []
[2023-07-13T06:12:55.294461+00:00] telegram-log.INFO: Request in telegram {"chat_id":496315328,"username":"atlas_it89","request":"/author"} []
[2023-07-13T06:14:07.680987+00:00] telegram-log.INFO: Request in telegram {"chat_id":496315328,"username":"atlas_it89","request":"/author"} []
[2023-07-13T06:16:31.713945+00:00] telegram-log.INFO: Request in telegram {"chat_id":496315328,"username":"atlas_it89","request":"/author"} []
[2023-07-13T06:17:17.330182+00:00] telegram-log.INFO: Request in telegram {"chat_id":496315328,"username":"atlas_it89","request":"/author"} []
[2023-07-13T06:17:28.338395+00:00] telegram-log.INFO: Request in telegram {"chat_id":496315328,"username":"atlas_it89","request":"/author"} []
[2023-07-13T06:17:37.617467+00:00] telegram-log.INFO: Request in telegram {"chat_id":496315328,"username":"atlas_it89","request":"/author"} []
[2023-07-13T06:18:29.782446+00:00] telegram-log.INFO: Request in telegram {"chat_id":496315328,"username":"atlas_it89","request":"/author"} []
[2023-07-13T06:18:47.763319+00:00] telegram-log.INFO: Request in telegram {"chat_id":496315328,"username":"atlas_it89","request":"/author"} []
[2023-07-13T06:20:10.836441+00:00] telegram-log.INFO: Request in telegram {"chat_id":496315328,"username":"atlas_it89","request":"/author"} []
[2023-07-13T06:21:15.789149+00:00] telegram-log.INFO: Request in telegram {"chat_id":496315328,"username":"atlas_it89","request":"/author"} []
[2023-07-13T06:21:20.074522+00:00] telegram-log.INFO: Request in telegram {"chat_id":496315328,"username":"atlas_it89","request":"/help"} []
[2023-07-13T06:23:01.175132+00:00] telegram-log.INFO: Request in telegram {"chat_id":496315328,"username":"atlas_it89","request":"/help"} []
[2023-07-13T06:25:53.415425+00:00] telegram-log.INFO: Request in telegram {"chat_id":496315328,"username":"atlas_it89","request":"/help"} []
[2023-07-13T06:26:18.995522+00:00] telegram-log.INFO: Request in telegram {"chat_id":496315328,"username":"atlas_it89","request":"/help"} []
[2023-07-13T06:26:27.680609+00:00] telegram-log.INFO: Request in telegram {"chat_id":496315328,"username":"atlas_it89","request":"/author"} []
[2023-07-13T06:26:32.536360+00:00] telegram-log.INFO: Request in telegram {"chat_id":496315328,"username":"atlas_it89","request":"/help"} []
[2023-07-13T06:26:34.846398+00:00] telegram-log.INFO: Request in telegram {"chat_id":496315328,"username":"atlas_it89","request":"/start"} []
[2023-07-13T06:26:48.699349+00:00] telegram-log.INFO: Request in telegram {"chat_id":496315328,"username":"atlas_it89","request":"/reset"} []
[2023-07-13T06:27:21.508453+00:00] telegram-log.INFO: Request in telegram {"chat_id":496315328,"username":"atlas_it89","request":"/reset"} []
[2023-07-13T06:27:44.875135+00:00] telegram-log.INFO: Request in telegram {"chat_id":496315328,"username":"atlas_it89","request":"/reset"} []
[2023-07-13T06:28:05.759697+00:00] telegram-log.INFO: Request in telegram {"chat_id":496315328,"username":"atlas_it89","request":"/reset"} []
[2023-07-13T06:28:33.213967+00:00] telegram-log.INFO: Request in telegram {"chat_id":496315328,"username":"atlas_it89","request":"/reset"} []
[2023-07-13T06:29:11.834664+00:00] telegram-log.INFO: Request in telegram {"chat_id":496315328,"username":"atlas_it89","request":"/start"} []
[2023-07-13T06:29:17.889674+00:00] telegram-log.INFO: Request in telegram {"chat_id":496315328,"username":"atlas_it89","request":"💰 Сумма"} []
[2023-07-13T06:29:20.826286+00:00] telegram-log.INFO: Request in telegram {"chat_id":496315328,"username":"atlas_it89","request":"📌 Список клиентов"} []
[2023-07-13T06:29:24.289630+00:00] telegram-log.INFO: Request in telegram {"chat_id":496315328,"username":"atlas_it89","request":"📆 Календарь"} []
[2023-07-13T06:29:40.529596+00:00] telegram-log.INFO: Request in telegram {"chat_id":496315328,"username":"atlas_it89","request":"📌 Список клиентов"} []
[2023-07-13T06:38:03.075923+00:00] telegram-log.INFO: Request in telegram {"chat_id":496315328,"username":"atlas_it89","request":"/help"} []
[2023-07-13T06:38:03.875692+00:00] telegram-log.INFO: Request in telegram {"chat_id":496315328,"username":"atlas_it89","request":"/help"} []
[2023-07-13T06:38:04.711448+00:00] telegram-log.INFO: Request in telegram {"chat_id":496315328,"username":"atlas_it89","request":"/start"} []
[2023-07-13T06:38:09.435770+00:00] telegram-log.INFO: Request in telegram {"chat_id":496315328,"username":"atlas_it89","request":"/help"} []
[2023-07-13T06:38:11.702081+00:00] telegram-log.INFO: Request in telegram {"chat_id":496315328,"username":"atlas_it89","request":"/reset"} []
[2023-07-13T06:38:27.887090+00:00] telegram-log.INFO: Request in telegram {"chat_id":496315328,"username":"atlas_it89","request":"/help"} []
[2023-07-13T06:38:39.529883+00:00] telegram-log.INFO: Request in telegram {"chat_id":496315328,"username":"atlas_it89","request":"/reset"} []
[2023-07-13T06:38:44.788652+00:00] telegram-log.INFO: Request in telegram {"chat_id":496315328,"username":"atlas_it89","request":"12345678"} []
[2023-07-13T06:38:51.453770+00:00] telegram-log.INFO: Request in telegram {"chat_id":496315328,"username":"atlas_it89","request":"/help"} []
[2023-07-13T06:38:54.982895+00:00] telegram-log.INFO: Request in telegram {"chat_id":496315328,"username":"atlas_it89","request":"/reset"} []
[2023-07-13T06:38:59.824017+00:00] telegram-log.INFO: Request in telegram {"chat_id":496315328,"username":"atlas_it89","request":"/start"} []
[2023-07-13T06:40:34.017392+00:00] telegram-log.INFO: Request in telegram {"chat_id":496315328,"username":"atlas_it89","request":"/start"} []
[2023-07-13T06:40:37.829118+00:00] telegram-log.INFO: Request in telegram {"chat_id":496315328,"username":"atlas_it89","request":"12345678"} []
[2023-07-13T06:40:41.825712+00:00] telegram-log.INFO: Request in telegram {"chat_id":496315328,"username":"atlas_it89","request":"/help"} []
[2023-07-13T06:40:45.271532+00:00] telegram-log.INFO: Request in telegram {"chat_id":496315328,"username":"atlas_it89","request":"/reset"} []
[2023-07-13T06:40:48.226804+00:00] telegram-log.INFO: Request in telegram {"chat_id":496315328,"username":"atlas_it89","request":"/start"} []
[2023-07-13T06:40:55.175154+00:00] telegram-log.INFO: Request in telegram {"chat_id":496315328,"username":"atlas_it89","request":"12345678"} []
[2023-07-13T06:40:59.981646+00:00] telegram-log.INFO: Request in telegram {"chat_id":496315328,"username":"atlas_it89","request":"📋 Инфо"} []
[2023-07-13T06:41:08.692123+00:00] telegram-log.INFO: Request in telegram {"chat_id":496315328,"username":"atlas_it89","request":"⏰ Режим работы"} []
[2023-07-13T06:41:10.813909+00:00] telegram-log.INFO: Request in telegram {"chat_id":496315328,"username":"atlas_it89","request":"📞 Контакты"} []
[2023-07-13T06:41:17.544199+00:00] telegram-log.INFO: Request in telegram {"chat_id":496315328,"username":"atlas_it89","request":"📆 Выбрать дату"} []
[2023-07-13T06:41:21.245227+00:00] telegram-log.INFO: Request in telegram {"chat_id":496315328,"username":"atlas_it89","request":"day_09-07-2023"} []
[2023-07-13T06:41:25.264373+00:00] telegram-log.INFO: Request in telegram {"chat_id":496315328,"username":"atlas_it89","request":"day_16-07-2023"} []
[2023-07-13T06:42:22.203491+00:00] telegram-log.INFO: Request in telegram {"chat_id":496315328,"username":"atlas_it89","request":"вцфвфцв"} []
[2023-07-13T06:42:25.181557+00:00] telegram-log.INFO: Request in telegram {"chat_id":496315328,"username":"atlas_it89","request":"1234"} []
[2023-07-13T06:42:29.795378+00:00] telegram-log.INFO: Request in telegram {"chat_id":496315328,"username":"atlas_it89","request":"📋 Инфо"} []
[2023-07-13T06:42:37.449129+00:00] telegram-log.INFO: Request in telegram {"chat_id":496315328,"username":"atlas_it89","request":"📋 Инфо"} []
[2023-07-13T06:42:50.396651+00:00] telegram-log.INFO: Request in telegram {"chat_id":496315328,"username":"atlas_it89","request":"/help"} []
[2023-07-13T06:42:53.033217+00:00] telegram-log.INFO: Request in telegram {"chat_id":496315328,"username":"atlas_it89","request":"/reset"} []
[2023-07-13T06:42:55.844785+00:00] telegram-log.INFO: Request in telegram {"chat_id":496315328,"username":"atlas_it89","request":"/start"} []
[2023-07-13T06:46:07.098083+00:00] telegram-log.INFO: Request in telegram {"chat_id":496315328,"username":"atlas_it89","request":"/start"} []
[2023-07-13T06:46:14.528390+00:00] telegram-log.INFO: Request in telegram {"chat_id":496315328,"username":"atlas_it89","request":"/start"} []
[2023-07-13T06:46:49.997236+00:00] telegram-log.INFO: Request in telegram {"chat_id":496315328,"username":"atlas_it89","request":"/start"} []
[2023-07-13T06:47:02.668747+00:00] telegram-log.INFO: Request in telegram {"chat_id":496315328,"username":"atlas_it89","request":"/help"} []
[2023-07-13T06:48:13.653582+00:00] telegram-log.INFO: Request in telegram {"chat_id":496315328,"username":"atlas_it89","request":"/help"} []
[2023-07-13T06:48:14.214170+00:00] telegram-log.INFO: Request in telegram {"chat_id":496315328,"username":"atlas_it89","request":"/help"} []
[2023-07-13T06:48:52.601277+00:00] telegram-log.INFO: Request in telegram {"chat_id":496315328,"username":"atlas_it89","request":"/help"} []
[2023-07-13T06:48:54.357840+00:00] telegram-log.INFO: Request in telegram {"chat_id":496315328,"username":"atlas_it89","request":"/start"} []
[2023-07-13T06:48:57.593610+00:00] telegram-log.INFO: Request in telegram {"chat_id":496315328,"username":"atlas_it89","request":"/help"} []
[2023-07-13T06:48:59.878290+00:00] telegram-log.INFO: Request in telegram {"chat_id":496315328,"username":"atlas_it89","request":"/author"} []
[2023-07-13T06:49:07.128574+00:00] telegram-log.INFO: Request in telegram {"chat_id":496315328,"username":"atlas_it89","request":"/reset"} []
[2023-07-13T06:49:11.081241+00:00] telegram-log.INFO: Request in telegram {"chat_id":496315328,"username":"atlas_it89","request":"/start"} []
[2023-07-13T06:49:16.718329+00:00] telegram-log.INFO: Request in telegram {"chat_id":496315328,"username":"atlas_it89","request":"📆 Календарь"} []
[2023-07-13T06:49:21.527587+00:00] telegram-log.INFO: Request in telegram {"chat_id":496315328,"username":"atlas_it89","request":"📌 Список клиентов"} []
[2023-07-13T06:49:25.622532+00:00] telegram-log.INFO: Request in telegram {"chat_id":496315328,"username":"atlas_it89","request":"💰 Сумма"} []
[2023-07-13T06:50:00.972942+00:00] telegram-log.INFO: Request in telegram {"chat_id":496315328,"username":"atlas_it89","request":"/start"} []
[2023-07-13T06:50:18.583704+00:00] telegram-log.INFO: Request in telegram {"chat_id":496315328,"username":"atlas_it89","request":"/start"} []
[2023-07-13T06:50:34.184955+00:00] telegram-log.INFO: Request in telegram {"chat_id":496315328,"username":"atlas_it89","request":"/start"} []
[2023-07-13T06:50:40.480312+00:00] telegram-log.INFO: Request in telegram {"chat_id":496315328,"username":"atlas_it89","request":"💰 На сегодня"} []
[2023-07-13T06:50:42.472775+00:00] telegram-log.INFO: Request in telegram {"chat_id":496315328,"username":"atlas_it89","request":"💰 На завтра"} []
[2023-07-13T06:50:47.357193+00:00] telegram-log.INFO: Request in telegram {"chat_id":496315328,"username":"atlas_it89","request":"📆 Календарь"} []
[2023-07-13T06:50:49.436097+00:00] telegram-log.INFO: Request in telegram {"chat_id":496315328,"username":"atlas_it89","request":"📌 Список клиентов"} []
[2023-07-13T06:50:51.853582+00:00] telegram-log.INFO: Request in telegram {"chat_id":496315328,"username":"atlas_it89","request":"💰 На сегодня"} []
[2023-07-13T06:50:53.462863+00:00] telegram-log.INFO: Request in telegram {"chat_id":496315328,"username":"atlas_it89","request":"💰 На завтра"} []
[2023-07-13T06:52:22.694830+00:00] telegram-log.INFO: Request in telegram {"chat_id":496315328,"username":"atlas_it89","request":"💰 На завтра"} []
[2023-07-13T06:52:26.026213+00:00] telegram-log.INFO: Request in telegram {"chat_id":496315328,"username":"atlas_it89","request":"💰 На сегодня"} []
[2023-07-13T06:53:13.295364+00:00] telegram-log.INFO: Request in telegram {"chat_id":496315328,"username":"atlas_it89","request":"💰 На сегодня"} []
[2023-07-13T06:53:27.126200+00:00] telegram-log.INFO: Request in telegram {"chat_id":496315328,"username":"atlas_it89","request":"💰 На сегодня"} []
[2023-07-13T06:53:34.287439+00:00] telegram-log.INFO: Request in telegram {"chat_id":496315328,"username":"atlas_it89","request":"💰 На завтра"} []
[2023-07-13T06:53:36.024135+00:00] telegram-log.INFO: Request in telegram {"chat_id":496315328,"username":"atlas_it89","request":"💰 На сегодня"} []
[2023-07-13T06:54:29.402050+00:00] telegram-log.INFO: Request in telegram {"chat_id":496315328,"username":"atlas_it89","request":"💰 На сегодня"} []
[2023-07-13T06:54:32.748624+00:00] telegram-log.INFO: Request in telegram {"chat_id":496315328,"username":"atlas_it89","request":"💰 На завтра"} []
[2023-07-13T06:54:36.035848+00:00] telegram-log.INFO: Request in telegram {"chat_id":496315328,"username":"atlas_it89","request":"📌 Список клиентов"} []
[2023-07-13T06:54:39.067203+00:00] telegram-log.INFO: Request in telegram {"chat_id":496315328,"username":"atlas_it89","request":"📆 Календарь"} []
[2023-07-13T06:54:48.392558+00:00] telegram-log.INFO: Request in telegram {"chat_id":496315328,"username":"atlas_it89","request":"/help"} []
[2023-07-13T06:54:54.550898+00:00] telegram-log.INFO: Request in telegram {"chat_id":496315328,"username":"atlas_it89","request":"/start"} []
[2023-07-13T06:55:22.140211+00:00] telegram-log.INFO: Request in telegram {"chat_id":496315328,"username":"atlas_it89","request":"month_08_2023"} []
[2023-07-13T06:55:28.762931+00:00] telegram-log.INFO: Request in telegram {"chat_id":496315328,"username":"atlas_it89","request":"📆 Календарь"} []
[2023-07-13T06:55:31.093323+00:00] telegram-log.INFO: Request in telegram {"chat_id":496315328,"username":"atlas_it89","request":"month_08_2023"} []
[2023-07-13T06:55:40.567454+00:00] telegram-log.INFO: Request in telegram {"chat_id":496315328,"username":"atlas_it89","request":"/author"} []
[2023-07-13T06:55:53.643356+00:00] telegram-log.INFO: Request in telegram {"chat_id":496315328,"username":"atlas_it89","request":"/help"} []
[2023-07-13T06:57:25.368814+00:00] telegram-log.INFO: Request in telegram {"chat_id":496315328,"username":"atlas_it89","request":"💰 На сегодня"} []
[2023-07-13T06:57:28.227504+00:00] telegram-log.INFO: Request in telegram {"chat_id":496315328,"username":"atlas_it89","request":"💰 На завтра"} []
[2023-07-13T06:58:03.704346+00:00] telegram-log.INFO: Request in telegram {"chat_id":496315328,"username":"atlas_it89","request":"/help"} []
[2023-07-13T06:59:32.358526+00:00] telegram-log.INFO: Request in telegram {"chat_id":496315328,"username":"atlas_it89","request":"/start"} []
[2023-07-13T06:59:54.774214+00:00] telegram-log.INFO: Request in telegram {"chat_id":496315328,"username":"atlas_it89","request":"💰 На сегодня"} []
[2023-07-13T06:59:56.682722+00:00] telegram-log.INFO: Request in telegram {"chat_id":496315328,"username":"atlas_it89","request":"💰 На завтра"} []
[2023-07-13T06:59:58.132776+00:00] telegram-log.INFO: Request in telegram {"chat_id":496315328,"username":"atlas_it89","request":"📌 Список клиентов"} []
[2023-07-13T07:00:02.235336+00:00] telegram-log.INFO: Request in telegram {"chat_id":496315328,"username":"atlas_it89","request":"📆 Календарь"} []
[2023-07-13T07:00:14.523262+00:00] telegram-log.INFO: Request in telegram {"chat_id":496315328,"username":"atlas_it89","request":"/help"} []
[2023-07-13T07:00:22.022621+00:00] telegram-log.INFO: Request in telegram {"chat_id":496315328,"username":"atlas_it89","request":"/help"} []
[2023-07-13T07:00:24.423292+00:00] telegram-log.INFO: Request in telegram {"chat_id":496315328,"username":"atlas_it89","request":"/start"} []
[2023-07-13T07:01:06.049471+00:00] telegram-log.INFO: Request in telegram {"chat_id":496315328,"username":"atlas_it89","request":"📆 Календарь"} []
[2023-07-13T10:05:50.286474+03:00] telegram-console-log.INFO: Console command run {"handler":"setwebhook"} []
[2023-07-13T07:06:39.803719+00:00] telegram-log.INFO: Request in telegram {"chat_id":496315328,"username":"atlas_it89","request":"/start"} []
[2023-07-13T07:17:58.626894+00:00] telegram-log.INFO: Request in telegram {"chat_id":496315328,"username":"atlas_it89","request":"/help"} []
[2023-07-13T07:18:01.109269+00:00] telegram-log.INFO: Request in telegram {"chat_id":496315328,"username":"atlas_it89","request":"/author"} []
[2023-07-13T07:18:04.178230+00:00] telegram-log.INFO: Request in telegram {"chat_id":496315328,"username":"atlas_it89","request":"/start"} []
[2023-07-13T07:36:44.429015+00:00] telegram-log.INFO: Request in telegram {"chat_id":496315328,"username":"atlas_it89","request":"/start"} []
[2023-07-13T07:36:47.567859+00:00] telegram-log.INFO: Request in telegram {"chat_id":496315328,"username":"atlas_it89","request":"/help"} []
[2023-07-13T07:36:50.075452+00:00] telegram-log.INFO: Request in telegram {"chat_id":496315328,"username":"atlas_it89","request":"/author"} []
[2023-07-13T07:39:07.716279+00:00] telegram-log.INFO: Request in telegram {"chat_id":496315328,"username":"atlas_it89","request":"📌 Список клиентов"} []
[2023-07-13T07:39:10.281683+00:00] telegram-log.INFO: Request in telegram {"chat_id":496315328,"username":"atlas_it89","request":"💰 На завтра"} []
[2023-07-13T07:39:13.220515+00:00] telegram-log.INFO: Request in telegram {"chat_id":496315328,"username":"atlas_it89","request":"💰 На сегодня"} []
[2023-07-13T07:39:18.023637+00:00] telegram-log.INFO: Request in telegram {"chat_id":496315328,"username":"atlas_it89","request":"📆 Календарь"} []
[2023-07-13T07:47:11.568817+00:00] telegram-log.INFO: Request in telegram {"chat_id":496315328,"username":"atlas_it89","request":"📆 Календарь"} []
[2023-07-13T07:47:14.542779+00:00] telegram-log.INFO: Request in telegram {"chat_id":496315328,"username":"atlas_it89","request":"📌 Список клиентов"} []
[2023-07-13T07:47:18.697604+00:00] telegram-log.INFO: Request in telegram {"chat_id":496315328,"username":"atlas_it89","request":"💰 На завтра"} []
[2023-07-13T07:47:20.581498+00:00] telegram-log.INFO: Request in telegram {"chat_id":496315328,"username":"atlas_it89","request":"💰 На сегодня"} []
[2023-07-13T07:49:47.835911+00:00] telegram-log.INFO: Request in telegram {"chat_id":496315328,"username":"atlas_it89","request":"📆 Календарь"} []
[2023-07-13T07:49:50.302711+00:00] telegram-log.INFO: Request in telegram {"chat_id":496315328,"username":"atlas_it89","request":"📌 Список клиентов"} []
[2023-07-13T07:49:54.282665+00:00] telegram-log.INFO: Request in telegram {"chat_id":496315328,"username":"atlas_it89","request":"💰 На завтра"} []
[2023-07-13T07:49:56.311503+00:00] telegram-log.INFO: Request in telegram {"chat_id":496315328,"username":"atlas_it89","request":"💰 На сегодня"} []
[2023-07-13T11:23:33.696077+03:00] telegram-console-log.INFO: Console command run {"handler":"notifyAdminCountSum"} []
[2023-07-13T11:24:16.167250+03:00] telegram-console-log.INFO: Console command run {"handler":"notifyAdminCountSum"} []
[2023-07-13T11:24:48.744289+03:00] telegram-console-log.INFO: Console command run {"handler":"notifyAdminCountSum"} []
[2023-07-13T11:29:47.417087+03:00] telegram-console-log.INFO: Console command run {"handler":"notifyAdminCountSum"} []
[2023-07-13T11:30:00.608297+03:00] telegram-console-log.INFO: Console command run {"handler":"notifyAdminCountSum"} []
[2023-07-13T11:30:11.637463+03:00] telegram-console-log.INFO: Console command run {"handler":"notifyAdminCountSum"} []
[2023-07-13T11:30:17.318218+03:00] telegram-console-log.INFO: Console command run {"handler":"notifyAdminCountSum"} []
[2023-07-13T11:31:01.264215+03:00] telegram-console-log.INFO: Console command run {"handler":"notifyAdminCountSum"} []
[2023-07-13T11:31:27.733192+03:00] telegram-console-log.INFO: Console command run {"handler":"notifyAdminCountSum"} []
[2023-07-13T11:32:22.284336+03:00] telegram-console-log.INFO: Console command run {"handler":"notifyAdminCountSum"} []
[2023-07-13T11:32:22.668492+03:00] telegram-console-log.INFO: Request done succesfull {"handler":"Notify"} []
[2023-07-13T11:32:51.629807+03:00] telegram-console-log.INFO: Console command run {"handler":"notifyAdminCountSum"} []
[2023-07-13T11:32:52.176480+03:00] telegram-console-log.INFO: Request done succesfull {"handler":"NotifyAdmin"} []
[2023-07-13T11:33:08.825657+03:00] telegram-console-log.INFO: Console command run {"handler":"notifyAdminCountSum"} []
[2023-07-13T11:33:09.306295+03:00] telegram-console-log.INFO: Request done succesfull {"handler":"NotifyAdmin"} []
[2023-07-13T11:48:08.509090+03:00] telegram-console-log.INFO: Console command run {"handler":"notifyAdminCountSum"} []
[2023-07-13T11:48:09.021325+03:00] telegram-console-log.INFO: Request done succesfull {"handler":"NotifyAdmin"} []
[2023-07-13T11:51:01.764751+03:00] telegram-console-log.INFO: Console command run {"handler":"notifyAdminCountSum"} []
[2023-07-13T11:51:01.907535+03:00] telegram-console-log.INFO: Console command run {"handler":"notifyAdminCountSum"} []
[2023-07-13T11:51:02.252973+03:00] telegram-console-log.INFO: Request done succesfull {"handler":"NotifyAdmin"} []
[2023-07-13T11:51:02.466567+03:00] telegram-console-log.INFO: Request done succesfull {"handler":"NotifyAdmin"} []
[2023-07-13T11:51:16.278488+03:00] telegram-console-log.INFO: Console command run {"handler":"notifyAdminCountSum"} []
[2023-07-13T11:51:16.595872+03:00] telegram-console-log.INFO: Request done succesfull {"handler":"NotifyAdmin"} []
[2023-07-13T11:51:23.668998+03:00] telegram-console-log.INFO: Console command run {"handler":"notifyAdminCountSum"} []
[2023-07-13T11:51:24.321145+03:00] telegram-console-log.INFO: Request done succesfull {"handler":"NotifyAdmin"} []
[2023-07-13T11:52:01.694001+03:00] telegram-console-log.INFO: Console command run {"handler":"notifyAdminCountSum"} []
[2023-07-13T11:52:02.162079+03:00] telegram-console-log.INFO: Request done succesfull {"handler":"NotifyAdmin"} []
[2023-07-13T11:53:01.441788+03:00] telegram-console-log.INFO: Console command run {"handler":"notifyAdminCountSum"} []
[2023-07-13T11:53:01.887302+03:00] telegram-console-log.INFO: Request done succesfull {"handler":"NotifyAdmin"} []
[2023-07-13T11:54:02.141584+03:00] telegram-console-log.INFO: Console command run {"handler":"notifyAdminCountSum"} []
[2023-07-13T11:54:02.596929+03:00] telegram-console-log.INFO: Request done succesfull {"handler":"NotifyAdmin"} []
[2023-07-13T11:55:01.989828+03:00] telegram-console-log.INFO: Console command run {"handler":"notifyAdminCountSum"} []
[2023-07-13T11:55:02.470678+03:00] telegram-console-log.INFO: Request done succesfull {"handler":"NotifyAdmin"} []
[2023-07-13T11:56:02.071781+03:00] telegram-console-log.INFO: Console command run {"handler":"notifyAdminCountSum"} []
[2023-07-13T11:56:02.747493+03:00] telegram-console-log.INFO: Request done succesfull {"handler":"NotifyAdmin"} []
[2023-07-13T11:57:02.169679+03:00] telegram-console-log.INFO: Console command run {"handler":"notifyAdminCountSum"} []
[2023-07-13T11:57:02.713213+03:00] telegram-console-log.INFO: Request done succesfull {"handler":"NotifyAdmin"} []
[2023-07-13T11:58:02.341075+03:00] telegram-console-log.INFO: Console command run {"handler":"notifyAdminCountSum"} []
[2023-07-13T11:58:02.850029+03:00] telegram-console-log.INFO: Request done succesfull {"handler":"NotifyAdmin"} []
[2023-07-13T11:59:02.685730+03:00] telegram-console-log.INFO: Console command run {"handler":"notifyAdminCountSum"} []
[2023-07-13T11:59:03.293776+03:00] telegram-console-log.INFO: Request done succesfull {"handler":"NotifyAdmin"} []
[2023-07-13T12:00:01.633635+03:00] telegram-console-log.INFO: Console command run {"handler":"notifyAdminCountSum"} []
[2023-07-13T12:00:02.215318+03:00] telegram-console-log.INFO: Request done succesfull {"handler":"NotifyAdmin"} []
[2023-07-13T12:01:01.454944+03:00] telegram-console-log.INFO: Console command run {"handler":"notifyAdminCountSum"} []
[2023-07-13T12:02:02.103400+03:00] telegram-console-log.INFO: Console command run {"handler":"notifyAdminCountSum"} []
[2023-07-13T12:02:12.640497+03:00] telegram-console-log.INFO: Request done succesfull {"handler":"NotifyAdmin"} []
[2023-07-13T12:03:02.108348+03:00] telegram-console-log.INFO: Console command run {"handler":"notifyAdminCountSum"} []
[2023-07-13T12:03:02.745133+03:00] telegram-console-log.INFO: Request done succesfull {"handler":"NotifyAdmin"} []
[2023-07-13T12:04:02.045634+03:00] telegram-console-log.INFO: Console command run {"handler":"notifyAdminCountSum"} []
[2023-07-13T12:04:02.465989+03:00] telegram-console-log.INFO: Request done succesfull {"handler":"NotifyAdmin"} []
[2023-07-13T12:05:01.709197+03:00] telegram-console-log.INFO: Console command run {"handler":"notifyAdminCountSum"} []
[2023-07-13T12:05:02.090303+03:00] telegram-console-log.INFO: Request done succesfull {"handler":"NotifyAdmin"} []
[2023-07-13T12:06:01.441872+03:00] telegram-console-log.INFO: Console command run {"handler":"notifyAdminCountSum"} []
[2023-07-13T12:06:01.956257+03:00] telegram-console-log.INFO: Request done succesfull {"handler":"NotifyAdmin"} []
[2023-07-13T12:07:02.181385+03:00] telegram-console-log.INFO: Console command run {"handler":"notifyAdminCountSum"} []
[2023-07-13T12:07:02.772741+03:00] telegram-console-log.INFO: Request done succesfull {"handler":"NotifyAdmin"} []
[2023-07-13T12:08:02.108000+03:00] telegram-console-log.INFO: Console command run {"handler":"notifyAdminCountSum"} []
[2023-07-13T12:08:02.883355+03:00] telegram-console-log.INFO: Request done succesfull {"handler":"NotifyAdmin"} []
[2023-07-13T12:09:02.092339+03:00] telegram-console-log.INFO: Console command run {"handler":"notifyAdminCountSum"} []
[2023-07-13T12:09:02.522435+03:00] telegram-console-log.INFO: Request done succesfull {"handler":"NotifyAdmin"} []
[2023-07-13T12:10:01.733696+03:00] telegram-console-log.INFO: Console command run {"handler":"notifyAdminCountSum"} []
[2023-07-13T12:10:02.279922+03:00] telegram-console-log.INFO: Request done succesfull {"handler":"NotifyAdmin"} []
[2023-07-13T12:11:01.919049+03:00] telegram-console-log.INFO: Console command run {"handler":"notifyAdminCountSum"} []
[2023-07-13T12:11:02.701112+03:00] telegram-console-log.INFO: Request done succesfull {"handler":"NotifyAdmin"} []
[2023-07-13T11:41:43.111232+00:00] telegram-log.INFO: Request in telegram {"chat_id":496315328,"username":"atlas_it89","request":"📌 Список клиентов"} []
[2023-07-13T11:41:47.382485+00:00] telegram-log.INFO: Request in telegram {"chat_id":496315328,"username":"atlas_it89","request":"💰 На завтра"} []
[2023-07-13T11:41:48.321332+00:00] telegram-log.INFO: Request in telegram {"chat_id":496315328,"username":"atlas_it89","request":"💰 На сегодня"} []
[2023-07-13T14:53:01.650260+03:00] telegram-console-log.INFO: Console command run {"handler":"notifyAdminCountSum"} []
[2023-07-13T14:53:02.177697+03:00] telegram-console-log.INFO: Request done succesfull {"handler":"NotifyAdmin"} []
[2023-07-13T14:54:01.464161+03:00] telegram-console-log.INFO: Console command run {"handler":"notifyAdminCountSum"} []
[2023-07-13T14:54:01.830858+03:00] telegram-console-log.INFO: Request done succesfull {"handler":"NotifyAdmin"} []
[2023-07-13T14:55:02.009111+03:00] telegram-console-log.INFO: Console command run {"handler":"notifyAdminCountSum"} []
[2023-07-13T14:55:02.517146+03:00] telegram-console-log.INFO: Request done succesfull {"handler":"NotifyAdmin"} []
[2023-07-13T14:56:01.790388+03:00] telegram-console-log.INFO: Console command run {"handler":"notifyAdminCountSum"} []
[2023-07-13T14:57:02.345123+03:00] telegram-console-log.INFO: Console command run {"handler":"notifyAdminCountSum"} []
[2023-07-13T14:58:01.915229+03:00] telegram-console-log.INFO: Console command run {"handler":"notifyAdminCountSum"} []
[2023-07-13T14:59:01.541250+03:00] telegram-console-log.INFO: Console command run {"handler":"notifyAdminCountSum"} []
[2023-07-13T15:00:01.793278+03:00] telegram-console-log.INFO: Console command run {"handler":"notifyAdminCountSum"} []
[2023-07-13T15:00:28.327522+03:00] telegram-console-log.INFO: Console command run {"handler":"notifyAdminCountSum"} []
[2023-07-13T15:01:02.015918+03:00] telegram-console-log.INFO: Console command run {"handler":"notifyAdminCountSum"} []
[2023-07-13T15:02:01.276180+03:00] telegram-console-log.INFO: Console command run {"handler":"notifyAdminCountSum"} []
[2023-07-13T15:03:01.721779+03:00] telegram-console-log.INFO: Console command run {"handler":"notifyAdminCountSum"} []
[2023-07-13T15:04:01.309124+03:00] telegram-console-log.INFO: Console command run {"handler":"notifyAdminCountSum"} []
[2023-07-13T15:05:02.146559+03:00] telegram-console-log.INFO: Console command run {"handler":"notifyAdminCountSum"} []
[2023-07-13T15:06:01.738363+03:00] telegram-console-log.INFO: Console command run {"handler":"notifyAdminCountSum"} []
[2023-07-13T15:07:01.736421+03:00] telegram-console-log.INFO: Console command run {"handler":"notifyAdminCountSum"} []
[2023-07-13T15:08:01.370038+03:00] telegram-console-log.INFO: Console command run {"handler":"notifyAdminCountSum"} []
[2023-07-13T15:09:01.593213+03:00] telegram-console-log.INFO: Console command run {"handler":"notifyAdminCountSum"} []
[2023-07-13T15:10:02.262026+03:00] telegram-console-log.INFO: Console command run {"handler":"notifyAdminCountSum"} []
[2023-07-13T15:11:01.749646+03:00] telegram-console-log.INFO: Console command run {"handler":"notifyAdminCountSum"} []
[2023-07-13T12:11:17.353170+00:00] telegram-log.INFO: Request in telegram {"chat_id":835690150,"username":"Andrik_Bastion","request":"/start"} []
[2023-07-13T15:12:01.586921+03:00] telegram-console-log.INFO: Console command run {"handler":"notifyAdminCountSum"} []
[2023-07-13T15:13:03.380848+03:00] telegram-console-log.INFO: Console command run {"handler":"notifyAdminCountSum"} []
[2023-07-13T15:14:02.092174+03:00] telegram-console-log.INFO: Console command run {"handler":"notifyAdminCountSum"} []
[2023-07-13T15:15:01.667049+03:00] telegram-console-log.INFO: Console command run {"handler":"notifyAdminCountSum"} []
[2023-07-13T15:16:01.525511+03:00] telegram-console-log.INFO: Console command run {"handler":"notifyAdminCountSum"} []
[2023-07-13T12:16:21.212565+00:00] telegram-log.INFO: Request in telegram {"chat_id":496315328,"username":"atlas_it89","request":"📆 Календарь"} []
[2023-07-13T12:16:27.706478+00:00] telegram-log.INFO: Request in telegram {"chat_id":496315328,"username":"atlas_it89","request":"/start"} []
[2023-07-13T12:16:48.875920+00:00] telegram-log.INFO: Request in telegram {"chat_id":496315328,"username":"atlas_it89","request":"/start"} []
[2023-07-13T15:17:01.399852+03:00] telegram-console-log.INFO: Console command run {"handler":"notifyAdminCountSum"} []
[2023-07-13T12:17:06.367288+00:00] telegram-log.INFO: Request in telegram {"chat_id":496315328,"username":"atlas_it89","request":"📌 Список клиентов"} []
[2023-07-13T12:17:08.528607+00:00] telegram-log.INFO: Request in telegram {"chat_id":496315328,"username":"atlas_it89","request":"💰 На завтра"} []
[2023-07-13T12:17:10.761523+00:00] telegram-log.INFO: Request in telegram {"chat_id":496315328,"username":"atlas_it89","request":"💰 На сегодня"} []
[2023-07-13T12:17:13.483487+00:00] telegram-log.INFO: Request in telegram {"chat_id":496315328,"username":"atlas_it89","request":"📆 Календарь"} []
[2023-07-13T12:17:15.952511+00:00] telegram-log.INFO: Request in telegram {"chat_id":496315328,"username":"atlas_it89","request":"month_08_2023"} []
[2023-07-13T12:17:18.324663+00:00] telegram-log.INFO: Request in telegram {"chat_id":496315328,"username":"atlas_it89","request":"💰 На завтра"} []
[2023-07-13T12:17:33.104807+00:00] telegram-log.INFO: Request in telegram {"chat_id":496315328,"username":"atlas_it89","request":"📌 Список клиентов"} []
